<?xml version="1.0" encoding="utf-8"?><testsuites name="pytest tests"><testsuite name="pytest" errors="0" failures="0" skipped="0" tests="13" time="19.079" timestamp="2026-08-16T20:32:59.487004+00:00" hostname="agent-env-f24361a7-4bf6-4637-a4cd-db75c2313b16"><testcase classname="tests.test_new_features.TestWeather" name="test_weather_by_latlon" time="0.805" /><testcase classname="tests.test_new_features.TestWeather" name="test_weather_by_place" time="1.326" /><testcase classname="tests.test_new_features.TestWeather" name="test_weather_invalid_place" time="0.689" /><testcase classname="tests.test_new_features.TestWeather" name="test_weather_missing_params" time="0.160" /><testcase classname="tests.test_new_features.TestFarmExtract" name="test_extract_english" time="5.857" /><testcase classname="tests.test_new_features.TestFarmExtract" name="test_extract_empty_text" time="0.160" /><testcase classname="tests.test_new_features.TestFarmExtract" name="test_extract_requires_auth" time="0.175" /><testcase classname="tests.test_new_features.TestDiary" name="test_upload_diary_photo" time="0.403" /><testcase classname="tests.test_new_features.TestDiary" name="test_list_diary_contains_upload" time="0.157" /><testcase classname="tests.test_new_features.TestDiary" name="test_fetch_diary_image" time="0.359" /><testcase classname="tests.test_new_features.TestDiary" name="test_delete_diary" time="0.216" /><testcase classname="tests.test_new_features.TestDiary" name="test_diary_requires_auth" time="0.174" /><testcase classname="tests.test_new_features.TestDailyPlanWeather" name="test_daily_plan_with_weather" time="8.515" /></testsuite></testsuites>