<?xml version="1.0" encoding="utf-8"?><testsuites name="pytest tests"><testsuite name="pytest" errors="0" failures="0" skipped="0" tests="16" time="53.138" timestamp="2026-08-16T20:16:05.677744+00:00" hostname="agent-env-f24361a7-4bf6-4637-a4cd-db75c2313b16"><testcase classname="tests.backend_test.TestAuth" name="test_admin_login" time="0.415" /><testcase classname="tests.backend_test.TestAuth" name="test_login_invalid" time="0.337" /><testcase classname="tests.backend_test.TestAuth" name="test_me" time="0.449" /><testcase classname="tests.backend_test.TestAuth" name="test_me_no_token" time="0.098" /><testcase classname="tests.backend_test.TestAuth" name="test_duplicate_register" time="0.138" /><testcase classname="tests.backend_test.TestSchemesGuide" name="test_list_schemes" time="0.125" /><testcase classname="tests.backend_test.TestSchemesGuide" name="test_schemes_search" time="0.097" /><testcase classname="tests.backend_test.TestSchemesGuide" name="test_guide" time="0.097" /><testcase classname="tests.backend_test.TestFarms" name="test_farm_crud" time="0.637" /><testcase classname="tests.backend_test.TestTasks" name="test_task_crud" time="0.494" /><testcase classname="tests.backend_test.TestAIEndpoints" name="test_assess" time="15.350" /><testcase classname="tests.backend_test.TestAIEndpoints" name="test_assess_empty" time="0.104" /><testcase classname="tests.backend_test.TestAIEndpoints" name="test_chat" time="10.352" /><testcase classname="tests.backend_test.TestAIEndpoints" name="test_daily_plan" time="6.941" /><testcase classname="tests.backend_test.TestAIEndpoints" name="test_schemes_match" time="13.937" /><testcase classname="tests.backend_test.TestAIEndpoints" name="test_tts" time="3.488" /></testsuite></testsuites>